========================================================================================
Context     : DDS_DataReader_read
Date        : Fri Jan 15 18:36:02 EST 2016
Node        : ubuntu
Process     : app <5598>
Thread      : main thread b7243700
Internals   : sac_dataReader.c/1487/6.6.0p1/024647c/5574fd7
----------------------------------------------------------------------------------------
Report      : Precondition not met: Mismatch between data_seq (0,0,TRUE) and info_seq (0,0,FALSE)
Internals   : /home/dds/OvernightTests/ExtraToday/ospli/tags/OSPL_V6_6_0p1-RC5/ubuntu1204/x86.linux-release-notest-inner/build/src/api/dcps/sac/code/sac_readerCommon.c/DDS_ReaderCommon_check_read_args/77/4/1452900962.069701447
========================================================================================
Context     : DDS_DataReader_read
Date        : Fri Jan 15 18:36:03 EST 2016
Node        : ubuntu
Process     : app <5598>
Thread      : main thread b7243700
Internals   : sac_dataReader.c/1487/6.6.0p1/024647c/5574fd7
----------------------------------------------------------------------------------------
Report      : Precondition not met: Mismatch between data_seq (0,0,TRUE) and info_seq (0,0,FALSE)
Internals   : /home/dds/OvernightTests/ExtraToday/ospli/tags/OSPL_V6_6_0p1-RC5/ubuntu1204/x86.linux-release-notest-inner/build/src/api/dcps/sac/code/sac_readerCommon.c/DDS_ReaderCommon_check_read_args/77/4/1452900963.070327770
========================================================================================
Context     : DDS_DataReader_read
Date        : Fri Jan 15 18:36:04 EST 2016
Node        : ubuntu
Process     : app <5598>
Thread      : main thread b7243700
Internals   : sac_dataReader.c/1487/6.6.0p1/024647c/5574fd7
----------------------------------------------------------------------------------------
Report      : Precondition not met: Mismatch between data_seq (0,0,TRUE) and info_seq (0,0,FALSE)
Internals   : /home/dds/OvernightTests/ExtraToday/ospli/tags/OSPL_V6_6_0p1-RC5/ubuntu1204/x86.linux-release-notest-inner/build/src/api/dcps/sac/code/sac_readerCommon.c/DDS_ReaderCommon_check_read_args/77/4/1452900964.071390489
========================================================================================
Context     : DDS_DataReader_read
Date        : Fri Jan 15 18:36:05 EST 2016
Node        : ubuntu
Process     : app <5598>
Thread      : main thread b7243700
Internals   : sac_dataReader.c/1487/6.6.0p1/024647c/5574fd7
----------------------------------------------------------------------------------------
Report      : Precondition not met: Mismatch between data_seq (0,0,TRUE) and info_seq (0,0,FALSE)
Internals   : /home/dds/OvernightTests/ExtraToday/ospli/tags/OSPL_V6_6_0p1-RC5/ubuntu1204/x86.linux-release-notest-inner/build/src/api/dcps/sac/code/sac_readerCommon.c/DDS_ReaderCommon_check_read_args/77/4/1452900965.073426384
========================================================================================
Context     : DDS_DataReader_read
Date        : Fri Jan 15 18:36:06 EST 2016
Node        : ubuntu
Process     : app <5598>
Thread      : main thread b7243700
Internals   : sac_dataReader.c/1487/6.6.0p1/024647c/5574fd7
----------------------------------------------------------------------------------------
Report      : Precondition not met: Mismatch between data_seq (0,0,TRUE) and info_seq (0,0,FALSE)
Internals   : /home/dds/OvernightTests/ExtraToday/ospli/tags/OSPL_V6_6_0p1-RC5/ubuntu1204/x86.linux-release-notest-inner/build/src/api/dcps/sac/code/sac_readerCommon.c/DDS_ReaderCommon_check_read_args/77/4/1452900966.074269786
========================================================================================
Context     : DDS_DataReader_read
Date        : Fri Jan 15 18:36:07 EST 2016
Node        : ubuntu
Process     : app <5598>
Thread      : main thread b7243700
Internals   : sac_dataReader.c/1487/6.6.0p1/024647c/5574fd7
----------------------------------------------------------------------------------------
Report      : Precondition not met: Mismatch between data_seq (0,0,TRUE) and info_seq (0,0,FALSE)
Internals   : /home/dds/OvernightTests/ExtraToday/ospli/tags/OSPL_V6_6_0p1-RC5/ubuntu1204/x86.linux-release-notest-inner/build/src/api/dcps/sac/code/sac_readerCommon.c/DDS_ReaderCommon_check_read_args/77/4/1452900967.076368441
========================================================================================
Context     : DDS_DataReader_read
Date        : Fri Jan 15 18:36:08 EST 2016
Node        : ubuntu
Process     : app <5598>
Thread      : main thread b7243700
Internals   : sac_dataReader.c/1487/6.6.0p1/024647c/5574fd7
----------------------------------------------------------------------------------------
Report      : Precondition not met: Mismatch between data_seq (0,0,TRUE) and info_seq (0,0,FALSE)
Internals   : /home/dds/OvernightTests/ExtraToday/ospli/tags/OSPL_V6_6_0p1-RC5/ubuntu1204/x86.linux-release-notest-inner/build/src/api/dcps/sac/code/sac_readerCommon.c/DDS_ReaderCommon_check_read_args/77/4/1452900968.077503920
========================================================================================
Context     : DDS_DataReader_read
Date        : Fri Jan 15 18:36:09 EST 2016
Node        : ubuntu
Process     : app <5598>
Thread      : main thread b7243700
Internals   : sac_dataReader.c/1487/6.6.0p1/024647c/5574fd7
----------------------------------------------------------------------------------------
Report      : Precondition not met: Mismatch between data_seq (0,0,TRUE) and info_seq (0,0,FALSE)
Internals   : /home/dds/OvernightTests/ExtraToday/ospli/tags/OSPL_V6_6_0p1-RC5/ubuntu1204/x86.linux-release-notest-inner/build/src/api/dcps/sac/code/sac_readerCommon.c/DDS_ReaderCommon_check_read_args/77/4/1452900969.079259702
========================================================================================
Context     : DDS_DataReader_read
Date        : Fri Jan 15 18:36:10 EST 2016
Node        : ubuntu
Process     : app <5598>
Thread      : main thread b7243700
Internals   : sac_dataReader.c/1487/6.6.0p1/024647c/5574fd7
----------------------------------------------------------------------------------------
Report      : Precondition not met: Mismatch between data_seq (0,0,TRUE) and info_seq (0,0,FALSE)
Internals   : /home/dds/OvernightTests/ExtraToday/ospli/tags/OSPL_V6_6_0p1-RC5/ubuntu1204/x86.linux-release-notest-inner/build/src/api/dcps/sac/code/sac_readerCommon.c/DDS_ReaderCommon_check_read_args/77/4/1452900970.080075945
========================================================================================
Context     : DDS_DataReader_read
Date        : Fri Jan 15 18:36:11 EST 2016
Node        : ubuntu
Process     : app <5598>
Thread      : main thread b7243700
Internals   : sac_dataReader.c/1487/6.6.0p1/024647c/5574fd7
----------------------------------------------------------------------------------------
Report      : Precondition not met: Mismatch between data_seq (0,0,TRUE) and info_seq (0,0,FALSE)
Internals   : /home/dds/OvernightTests/ExtraToday/ospli/tags/OSPL_V6_6_0p1-RC5/ubuntu1204/x86.linux-release-notest-inner/build/src/api/dcps/sac/code/sac_readerCommon.c/DDS_ReaderCommon_check_read_args/77/4/1452900971.081139647
========================================================================================
Context     : DDS_DataReader_read
Date        : Fri Jan 15 18:36:12 EST 2016
Node        : ubuntu
Process     : app <5598>
Thread      : main thread b7243700
Internals   : sac_dataReader.c/1487/6.6.0p1/024647c/5574fd7
----------------------------------------------------------------------------------------
Report      : Precondition not met: Mismatch between data_seq (0,0,TRUE) and info_seq (0,0,FALSE)
Internals   : /home/dds/OvernightTests/ExtraToday/ospli/tags/OSPL_V6_6_0p1-RC5/ubuntu1204/x86.linux-release-notest-inner/build/src/api/dcps/sac/code/sac_readerCommon.c/DDS_ReaderCommon_check_read_args/77/4/1452900972.082432465
========================================================================================
Context     : DDS_DataReader_read
Date        : Fri Jan 15 18:36:13 EST 2016
Node        : ubuntu
Process     : app <5598>
Thread      : main thread b7243700
Internals   : sac_dataReader.c/1487/6.6.0p1/024647c/5574fd7
----------------------------------------------------------------------------------------
Report      : Precondition not met: Mismatch between data_seq (0,0,TRUE) and info_seq (0,0,FALSE)
Internals   : /home/dds/OvernightTests/ExtraToday/ospli/tags/OSPL_V6_6_0p1-RC5/ubuntu1204/x86.linux-release-notest-inner/build/src/api/dcps/sac/code/sac_readerCommon.c/DDS_ReaderCommon_check_read_args/77/4/1452900973.083129619
========================================================================================
Context     : DDS_DataReader_read
Date        : Fri Jan 15 18:36:14 EST 2016
Node        : ubuntu
Process     : app <5598>
Thread      : main thread b7243700
Internals   : sac_dataReader.c/1487/6.6.0p1/024647c/5574fd7
----------------------------------------------------------------------------------------
Report      : Precondition not met: Mismatch between data_seq (0,0,TRUE) and info_seq (0,0,FALSE)
Internals   : /home/dds/OvernightTests/ExtraToday/ospli/tags/OSPL_V6_6_0p1-RC5/ubuntu1204/x86.linux-release-notest-inner/build/src/api/dcps/sac/code/sac_readerCommon.c/DDS_ReaderCommon_check_read_args/77/4/1452900974.084377637
========================================================================================
Context     : DDS_DataReader_read
Date        : Fri Jan 15 18:36:15 EST 2016
Node        : ubuntu
Process     : app <5598>
Thread      : main thread b7243700
Internals   : sac_dataReader.c/1487/6.6.0p1/024647c/5574fd7
----------------------------------------------------------------------------------------
Report      : Precondition not met: Mismatch between data_seq (0,0,TRUE) and info_seq (0,0,FALSE)
Internals   : /home/dds/OvernightTests/ExtraToday/ospli/tags/OSPL_V6_6_0p1-RC5/ubuntu1204/x86.linux-release-notest-inner/build/src/api/dcps/sac/code/sac_readerCommon.c/DDS_ReaderCommon_check_read_args/77/4/1452900975.085341434
========================================================================================
Context     : DDS_DataReader_read
Date        : Fri Jan 15 18:36:16 EST 2016
Node        : ubuntu
Process     : app <5598>
Thread      : main thread b7243700
Internals   : sac_dataReader.c/1487/6.6.0p1/024647c/5574fd7
----------------------------------------------------------------------------------------
Report      : Precondition not met: Mismatch between data_seq (0,0,TRUE) and info_seq (0,0,FALSE)
Internals   : /home/dds/OvernightTests/ExtraToday/ospli/tags/OSPL_V6_6_0p1-RC5/ubuntu1204/x86.linux-release-notest-inner/build/src/api/dcps/sac/code/sac_readerCommon.c/DDS_ReaderCommon_check_read_args/77/4/1452900976.086709003
========================================================================================
Context     : DDS_DataReader_read
Date        : Fri Jan 15 18:36:17 EST 2016
Node        : ubuntu
Process     : app <5598>
Thread      : main thread b7243700
Internals   : sac_dataReader.c/1487/6.6.0p1/024647c/5574fd7
----------------------------------------------------------------------------------------
Report      : Precondition not met: Mismatch between data_seq (0,0,TRUE) and info_seq (0,0,FALSE)
Internals   : /home/dds/OvernightTests/ExtraToday/ospli/tags/OSPL_V6_6_0p1-RC5/ubuntu1204/x86.linux-release-notest-inner/build/src/api/dcps/sac/code/sac_readerCommon.c/DDS_ReaderCommon_check_read_args/77/4/1452900977.088211504
========================================================================================
Context     : DDS_DataReader_read
Date        : Fri Jan 15 18:36:18 EST 2016
Node        : ubuntu
Process     : app <5598>
Thread      : main thread b7243700
Internals   : sac_dataReader.c/1487/6.6.0p1/024647c/5574fd7
----------------------------------------------------------------------------------------
Report      : Precondition not met: Mismatch between data_seq (0,0,TRUE) and info_seq (0,0,FALSE)
Internals   : /home/dds/OvernightTests/ExtraToday/ospli/tags/OSPL_V6_6_0p1-RC5/ubuntu1204/x86.linux-release-notest-inner/build/src/api/dcps/sac/code/sac_readerCommon.c/DDS_ReaderCommon_check_read_args/77/4/1452900978.089255846
========================================================================================
Context     : DDS_DataReader_read
Date        : Fri Jan 15 18:36:19 EST 2016
Node        : ubuntu
Process     : app <5598>
Thread      : main thread b7243700
Internals   : sac_dataReader.c/1487/6.6.0p1/024647c/5574fd7
----------------------------------------------------------------------------------------
Report      : Precondition not met: Mismatch between data_seq (0,0,TRUE) and info_seq (0,0,FALSE)
Internals   : /home/dds/OvernightTests/ExtraToday/ospli/tags/OSPL_V6_6_0p1-RC5/ubuntu1204/x86.linux-release-notest-inner/build/src/api/dcps/sac/code/sac_readerCommon.c/DDS_ReaderCommon_check_read_args/77/4/1452900979.090475714
========================================================================================
Context     : DDS_DataReader_read
Date        : Fri Jan 15 18:36:20 EST 2016
Node        : ubuntu
Process     : app <5598>
Thread      : main thread b7243700
Internals   : sac_dataReader.c/1487/6.6.0p1/024647c/5574fd7
----------------------------------------------------------------------------------------
Report      : Precondition not met: Mismatch between data_seq (0,0,TRUE) and info_seq (0,0,FALSE)
Internals   : /home/dds/OvernightTests/ExtraToday/ospli/tags/OSPL_V6_6_0p1-RC5/ubuntu1204/x86.linux-release-notest-inner/build/src/api/dcps/sac/code/sac_readerCommon.c/DDS_ReaderCommon_check_read_args/77/4/1452900980.092012347
========================================================================================
Context     : DDS_DataReader_read
Date        : Fri Jan 15 18:36:21 EST 2016
Node        : ubuntu
Process     : app <5598>
Thread      : main thread b7243700
Internals   : sac_dataReader.c/1487/6.6.0p1/024647c/5574fd7
----------------------------------------------------------------------------------------
Report      : Precondition not met: Mismatch between data_seq (0,0,TRUE) and info_seq (0,0,FALSE)
Internals   : /home/dds/OvernightTests/ExtraToday/ospli/tags/OSPL_V6_6_0p1-RC5/ubuntu1204/x86.linux-release-notest-inner/build/src/api/dcps/sac/code/sac_readerCommon.c/DDS_ReaderCommon_check_read_args/77/4/1452900981.093328582
========================================================================================
Context     : DDS_DataReader_read
Date        : Fri Jan 15 18:36:22 EST 2016
Node        : ubuntu
Process     : app <5598>
Thread      : main thread b7243700
Internals   : sac_dataReader.c/1487/6.6.0p1/024647c/5574fd7
----------------------------------------------------------------------------------------
Report      : Precondition not met: Mismatch between data_seq (0,0,TRUE) and info_seq (0,0,FALSE)
Internals   : /home/dds/OvernightTests/ExtraToday/ospli/tags/OSPL_V6_6_0p1-RC5/ubuntu1204/x86.linux-release-notest-inner/build/src/api/dcps/sac/code/sac_readerCommon.c/DDS_ReaderCommon_check_read_args/77/4/1452900982.094477203
========================================================================================
Context     : DDS_DataReader_read
Date        : Fri Jan 15 18:36:23 EST 2016
Node        : ubuntu
Process     : app <5598>
Thread      : main thread b7243700
Internals   : sac_dataReader.c/1487/6.6.0p1/024647c/5574fd7
----------------------------------------------------------------------------------------
Report      : Precondition not met: Mismatch between data_seq (0,0,TRUE) and info_seq (0,0,FALSE)
Internals   : /home/dds/OvernightTests/ExtraToday/ospli/tags/OSPL_V6_6_0p1-RC5/ubuntu1204/x86.linux-release-notest-inner/build/src/api/dcps/sac/code/sac_readerCommon.c/DDS_ReaderCommon_check_read_args/77/4/1452900983.095477201
========================================================================================
Context     : DDS_DataReader_read
Date        : Fri Jan 15 18:36:24 EST 2016
Node        : ubuntu
Process     : app <5598>
Thread      : main thread b7243700
Internals   : sac_dataReader.c/1487/6.6.0p1/024647c/5574fd7
----------------------------------------------------------------------------------------
Report      : Precondition not met: Mismatch between data_seq (0,0,TRUE) and info_seq (0,0,FALSE)
Internals   : /home/dds/OvernightTests/ExtraToday/ospli/tags/OSPL_V6_6_0p1-RC5/ubuntu1204/x86.linux-release-notest-inner/build/src/api/dcps/sac/code/sac_readerCommon.c/DDS_ReaderCommon_check_read_args/77/4/1452900984.096326801
========================================================================================
Context     : DDS_DataReader_read
Date        : Fri Jan 15 18:36:25 EST 2016
Node        : ubuntu
Process     : app <5598>
Thread      : main thread b7243700
Internals   : sac_dataReader.c/1487/6.6.0p1/024647c/5574fd7
----------------------------------------------------------------------------------------
Report      : Precondition not met: Mismatch between data_seq (0,0,TRUE) and info_seq (0,0,FALSE)
Internals   : /home/dds/OvernightTests/ExtraToday/ospli/tags/OSPL_V6_6_0p1-RC5/ubuntu1204/x86.linux-release-notest-inner/build/src/api/dcps/sac/code/sac_readerCommon.c/DDS_ReaderCommon_check_read_args/77/4/1452900985.097744894
========================================================================================
Context     : DDS_DataReader_read
Date        : Fri Jan 15 18:36:26 EST 2016
Node        : ubuntu
Process     : app <5598>
Thread      : main thread b7243700
Internals   : sac_dataReader.c/1487/6.6.0p1/024647c/5574fd7
----------------------------------------------------------------------------------------
Report      : Precondition not met: Mismatch between data_seq (0,0,TRUE) and info_seq (0,0,FALSE)
Internals   : /home/dds/OvernightTests/ExtraToday/ospli/tags/OSPL_V6_6_0p1-RC5/ubuntu1204/x86.linux-release-notest-inner/build/src/api/dcps/sac/code/sac_readerCommon.c/DDS_ReaderCommon_check_read_args/77/4/1452900986.098770838
========================================================================================
Context     : DDS_DataReader_read
Date        : Fri Jan 15 18:36:27 EST 2016
Node        : ubuntu
Process     : app <5598>
Thread      : main thread b7243700
Internals   : sac_dataReader.c/1487/6.6.0p1/024647c/5574fd7
----------------------------------------------------------------------------------------
Report      : Precondition not met: Mismatch between data_seq (0,0,TRUE) and info_seq (0,0,FALSE)
Internals   : /home/dds/OvernightTests/ExtraToday/ospli/tags/OSPL_V6_6_0p1-RC5/ubuntu1204/x86.linux-release-notest-inner/build/src/api/dcps/sac/code/sac_readerCommon.c/DDS_ReaderCommon_check_read_args/77/4/1452900987.099778685
========================================================================================
Context     : DDS_DataReader_read
Date        : Fri Jan 15 18:36:28 EST 2016
Node        : ubuntu
Process     : app <5598>
Thread      : main thread b7243700
Internals   : sac_dataReader.c/1487/6.6.0p1/024647c/5574fd7
----------------------------------------------------------------------------------------
Report      : Precondition not met: Mismatch between data_seq (0,0,TRUE) and info_seq (0,0,FALSE)
Internals   : /home/dds/OvernightTests/ExtraToday/ospli/tags/OSPL_V6_6_0p1-RC5/ubuntu1204/x86.linux-release-notest-inner/build/src/api/dcps/sac/code/sac_readerCommon.c/DDS_ReaderCommon_check_read_args/77/4/1452900988.100685545
========================================================================================
Context     : DDS_DataReader_read
Date        : Fri Jan 15 18:36:29 EST 2016
Node        : ubuntu
Process     : app <5598>
Thread      : main thread b7243700
Internals   : sac_dataReader.c/1487/6.6.0p1/024647c/5574fd7
----------------------------------------------------------------------------------------
Report      : Precondition not met: Mismatch between data_seq (0,0,TRUE) and info_seq (0,0,FALSE)
Internals   : /home/dds/OvernightTests/ExtraToday/ospli/tags/OSPL_V6_6_0p1-RC5/ubuntu1204/x86.linux-release-notest-inner/build/src/api/dcps/sac/code/sac_readerCommon.c/DDS_ReaderCommon_check_read_args/77/4/1452900989.101962760
========================================================================================
Context     : DDS_DataReader_read
Date        : Fri Jan 15 18:36:30 EST 2016
Node        : ubuntu
Process     : app <5598>
Thread      : main thread b7243700
Internals   : sac_dataReader.c/1487/6.6.0p1/024647c/5574fd7
----------------------------------------------------------------------------------------
Report      : Precondition not met: Mismatch between data_seq (0,0,TRUE) and info_seq (0,0,FALSE)
Internals   : /home/dds/OvernightTests/ExtraToday/ospli/tags/OSPL_V6_6_0p1-RC5/ubuntu1204/x86.linux-release-notest-inner/build/src/api/dcps/sac/code/sac_readerCommon.c/DDS_ReaderCommon_check_read_args/77/4/1452900990.103450134
========================================================================================
Context     : DDS_DataReader_read
Date        : Fri Jan 15 18:36:31 EST 2016
Node        : ubuntu
Process     : app <5598>
Thread      : main thread b7243700
Internals   : sac_dataReader.c/1487/6.6.0p1/024647c/5574fd7
----------------------------------------------------------------------------------------
Report      : Precondition not met: Mismatch between data_seq (0,0,TRUE) and info_seq (0,0,FALSE)
Internals   : /home/dds/OvernightTests/ExtraToday/ospli/tags/OSPL_V6_6_0p1-RC5/ubuntu1204/x86.linux-release-notest-inner/build/src/api/dcps/sac/code/sac_readerCommon.c/DDS_ReaderCommon_check_read_args/77/4/1452900991.105365426
========================================================================================
Context     : DDS_DataReader_read
Date        : Fri Jan 15 18:36:32 EST 2016
Node        : ubuntu
Process     : app <5598>
Thread      : main thread b7243700
Internals   : sac_dataReader.c/1487/6.6.0p1/024647c/5574fd7
----------------------------------------------------------------------------------------
Report      : Precondition not met: Mismatch between data_seq (0,0,TRUE) and info_seq (0,0,FALSE)
Internals   : /home/dds/OvernightTests/ExtraToday/ospli/tags/OSPL_V6_6_0p1-RC5/ubuntu1204/x86.linux-release-notest-inner/build/src/api/dcps/sac/code/sac_readerCommon.c/DDS_ReaderCommon_check_read_args/77/4/1452900992.106837910
========================================================================================
Context     : DDS_DataReader_read
Date        : Fri Jan 15 18:36:33 EST 2016
Node        : ubuntu
Process     : app <5598>
Thread      : main thread b7243700
Internals   : sac_dataReader.c/1487/6.6.0p1/024647c/5574fd7
----------------------------------------------------------------------------------------
Report      : Precondition not met: Mismatch between data_seq (0,0,TRUE) and info_seq (0,0,FALSE)
Internals   : /home/dds/OvernightTests/ExtraToday/ospli/tags/OSPL_V6_6_0p1-RC5/ubuntu1204/x86.linux-release-notest-inner/build/src/api/dcps/sac/code/sac_readerCommon.c/DDS_ReaderCommon_check_read_args/77/4/1452900993.108376677
========================================================================================
Context     : DDS_DataReader_read
Date        : Fri Jan 15 18:36:34 EST 2016
Node        : ubuntu
Process     : app <5598>
Thread      : main thread b7243700
Internals   : sac_dataReader.c/1487/6.6.0p1/024647c/5574fd7
----------------------------------------------------------------------------------------
Report      : Precondition not met: Mismatch between data_seq (0,0,TRUE) and info_seq (0,0,FALSE)
Internals   : /home/dds/OvernightTests/ExtraToday/ospli/tags/OSPL_V6_6_0p1-RC5/ubuntu1204/x86.linux-release-notest-inner/build/src/api/dcps/sac/code/sac_readerCommon.c/DDS_ReaderCommon_check_read_args/77/4/1452900994.109339794
========================================================================================
Context     : DDS_DataReader_read
Date        : Fri Jan 15 18:36:35 EST 2016
Node        : ubuntu
Process     : app <5598>
Thread      : main thread b7243700
Internals   : sac_dataReader.c/1487/6.6.0p1/024647c/5574fd7
----------------------------------------------------------------------------------------
Report      : Precondition not met: Mismatch between data_seq (0,0,TRUE) and info_seq (0,0,FALSE)
Internals   : /home/dds/OvernightTests/ExtraToday/ospli/tags/OSPL_V6_6_0p1-RC5/ubuntu1204/x86.linux-release-notest-inner/build/src/api/dcps/sac/code/sac_readerCommon.c/DDS_ReaderCommon_check_read_args/77/4/1452900995.110476461
========================================================================================
Context     : DDS_DataReader_read
Date        : Fri Jan 15 18:36:36 EST 2016
Node        : ubuntu
Process     : app <5598>
Thread      : main thread b7243700
Internals   : sac_dataReader.c/1487/6.6.0p1/024647c/5574fd7
----------------------------------------------------------------------------------------
Report      : Precondition not met: Mismatch between data_seq (0,0,TRUE) and info_seq (0,0,FALSE)
Internals   : /home/dds/OvernightTests/ExtraToday/ospli/tags/OSPL_V6_6_0p1-RC5/ubuntu1204/x86.linux-release-notest-inner/build/src/api/dcps/sac/code/sac_readerCommon.c/DDS_ReaderCommon_check_read_args/77/4/1452900996.111395334
========================================================================================
Context     : DDS_DataReader_read
Date        : Fri Jan 15 18:36:37 EST 2016
Node        : ubuntu
Process     : app <5598>
Thread      : main thread b7243700
Internals   : sac_dataReader.c/1487/6.6.0p1/024647c/5574fd7
----------------------------------------------------------------------------------------
Report      : Precondition not met: Mismatch between data_seq (0,0,TRUE) and info_seq (0,0,FALSE)
Internals   : /home/dds/OvernightTests/ExtraToday/ospli/tags/OSPL_V6_6_0p1-RC5/ubuntu1204/x86.linux-release-notest-inner/build/src/api/dcps/sac/code/sac_readerCommon.c/DDS_ReaderCommon_check_read_args/77/4/1452900997.112397684
========================================================================================
Context     : DDS_DataReader_read
Date        : Fri Jan 15 18:36:38 EST 2016
Node        : ubuntu
Process     : app <5598>
Thread      : main thread b7243700
Internals   : sac_dataReader.c/1487/6.6.0p1/024647c/5574fd7
----------------------------------------------------------------------------------------
Report      : Precondition not met: Mismatch between data_seq (0,0,TRUE) and info_seq (0,0,FALSE)
Internals   : /home/dds/OvernightTests/ExtraToday/ospli/tags/OSPL_V6_6_0p1-RC5/ubuntu1204/x86.linux-release-notest-inner/build/src/api/dcps/sac/code/sac_readerCommon.c/DDS_ReaderCommon_check_read_args/77/4/1452900998.113149816
========================================================================================
Context     : DDS_DataReader_read
Date        : Fri Jan 15 18:36:39 EST 2016
Node        : ubuntu
Process     : app <5598>
Thread      : main thread b7243700
Internals   : sac_dataReader.c/1487/6.6.0p1/024647c/5574fd7
----------------------------------------------------------------------------------------
Report      : Precondition not met: Mismatch between data_seq (0,0,TRUE) and info_seq (0,0,FALSE)
Internals   : /home/dds/OvernightTests/ExtraToday/ospli/tags/OSPL_V6_6_0p1-RC5/ubuntu1204/x86.linux-release-notest-inner/build/src/api/dcps/sac/code/sac_readerCommon.c/DDS_ReaderCommon_check_read_args/77/4/1452900999.114549113
========================================================================================
Context     : DDS_DataReader_read
Date        : Fri Jan 15 18:36:40 EST 2016
Node        : ubuntu
Process     : app <5598>
Thread      : main thread b7243700
Internals   : sac_dataReader.c/1487/6.6.0p1/024647c/5574fd7
----------------------------------------------------------------------------------------
Report      : Precondition not met: Mismatch between data_seq (0,0,TRUE) and info_seq (0,0,FALSE)
Internals   : /home/dds/OvernightTests/ExtraToday/ospli/tags/OSPL_V6_6_0p1-RC5/ubuntu1204/x86.linux-release-notest-inner/build/src/api/dcps/sac/code/sac_readerCommon.c/DDS_ReaderCommon_check_read_args/77/4/1452901000.116562848
========================================================================================
Context     : DDS_DataReader_read
Date        : Fri Jan 15 18:36:41 EST 2016
Node        : ubuntu
Process     : app <5598>
Thread      : main thread b7243700
Internals   : sac_dataReader.c/1487/6.6.0p1/024647c/5574fd7
----------------------------------------------------------------------------------------
Report      : Precondition not met: Mismatch between data_seq (0,0,TRUE) and info_seq (0,0,FALSE)
Internals   : /home/dds/OvernightTests/ExtraToday/ospli/tags/OSPL_V6_6_0p1-RC5/ubuntu1204/x86.linux-release-notest-inner/build/src/api/dcps/sac/code/sac_readerCommon.c/DDS_ReaderCommon_check_read_args/77/4/1452901001.117218775
