========================================================================================
Report      : INFO
Date        : Fri Jan 15 18:33:09 EST 2016
Description : ++++++++++++++++++++++++++++++++
              ++ spliced EVALUATION VERSION ++
              ++++++++++++++++++++++++++++++++

Node        : ubuntu
Process     : app <4301>
Thread      : spliced b7602b40
Internals   : 6.6.0p1/024647c/5574fd7/The OpenSplice domain service/spliced.c/1346/0/1452900789.335621561
========================================================================================
Report      : INFO
Date        : Fri Jan 15 18:33:09 EST 2016
Description : ---------------------------------------------------------------
              -- The service is using the following configuration settings --
              ---------------------------------------------------------------
              Domain (id)          : ospl_sp_ddsi (0)
              Storage              : 10240 Kbytes
              Storage threshold    : 1024 Kbytes
              Storage address      : Not available
              Locking              : default
              Memory mode          : Heap memory
              Builtin topics       : true
              Priority inheritance : false
              SystemId             : 62323608 from [1,2147483647]
Node        : ubuntu
Process     : app <4301>
Thread      : spliced b7602b40
Internals   : 6.6.0p1/024647c/5574fd7/The OpenSplice domain service/u_domain.c/627/0/1452900789.342392530
========================================================================================
Report      : INFO
Date        : Fri Jan 15 18:33:09 EST 2016
Description : ++++++++++++++++++++++++++++++++++++++++++++++++
              ++ The service 'splicedaemon' is now operational. 
              ++++++++++++++++++++++++++++++++++++++++++++++++
Node        : ubuntu
Process     : app <4301>
Thread      : spliced b7602b40
Internals   : 6.6.0p1/024647c/5574fd7/v_serviceChangeState/v_service.c/286/0/1452900789.344117356
========================================================================================
Report      : INFO
Date        : Fri Jan 15 18:33:09 EST 2016
Description : +++++++++++++++++++++++++++++++++++
              ++ durability EVALUATION VERSION ++
              +++++++++++++++++++++++++++++++++++

Node        : ubuntu
Process     : app <4301>
Thread      : durability b6272b40
Internals   : 6.6.0p1/024647c/5574fd7/d_durability/d_durability.c/1452/0/1452900789.348840979
========================================================================================
Report      : INFO
Date        : Fri Jan 15 18:33:09 EST 2016
Description : SOAP service is reachable via port 51213
Node        : ubuntu
Process     : app <4301>
Thread      : cmsoap b648bb40
Internals   : 6.6.0p1/024647c/5574fd7/CM SOAP Service/cms_service.c/471/0/1452900789.349497267
========================================================================================
Report      : INFO
Date        : Fri Jan 15 18:33:09 EST 2016
Description : ++++++++++++++++++++++++++++++++++++++++++++++++
              ++ The service 'cmsoap' is now operational. 
              ++++++++++++++++++++++++++++++++++++++++++++++++
Node        : ubuntu
Process     : app <4301>
Thread      : cmsoap b648bb40
Internals   : 6.6.0p1/024647c/5574fd7/v_serviceChangeState/v_service.c/286/0/1452900789.350168875
========================================================================================
Report      : INFO
Date        : Fri Jan 15 18:33:09 EST 2016
Description : ++++++++++++++++++++++++++++++
              ++ ddsi2 EVALUATION VERSION ++
              ++++++++++++++++++++++++++++++

Node        : ubuntu
Process     : app <4301>
Thread      : ddsi2 b5ec9b40
Internals   : 6.6.0p1/024647c/5574fd7/q_main/q_main.c/2452/0/1452900789.350945521
========================================================================================
Report      : INFO
Date        : Fri Jan 15 18:33:09 EST 2016
Description : ++++++++++++++++++++++++++++++++++++++++++++++++
              ++ The service 'ddsi2' is now operational. 
              ++++++++++++++++++++++++++++++++++++++++++++++++
Node        : ubuntu
Process     : app <4301>
Thread      : ddsi2 b5ec9b40
Internals   : 6.6.0p1/024647c/5574fd7/v_serviceChangeState/v_service.c/286/0/1452900789.358752381
========================================================================================
Report      : INFO
Date        : Fri Jan 15 18:33:09 EST 2016
Description : The durability service can be identified by ID: 62323608
Node        : ubuntu
Process     : app <4301>
Thread      : durability b6272b40
Internals   : 6.6.0p1/024647c/5574fd7/DurabilityService/d_durability.c/676/0/1452900789.464281292
========================================================================================
Report      : INFO
Date        : Fri Jan 15 18:33:16 EST 2016
Description : ++++++++++++++++++++++++++++++++++++++++++++++++
              ++ The service 'durability' is now operational. 
              ++++++++++++++++++++++++++++++++++++++++++++++++
Node        : ubuntu
Process     : app <4301>
Thread      : durability b6272b40
Internals   : 6.6.0p1/024647c/5574fd7/v_serviceChangeState/v_service.c/286/0/1452900796.886144471
========================================================================================
Report      : INFO
Date        : Fri Jan 15 18:33:49 EST 2016
Description : Missed heartbeat for node 560566128. (DCPSPublication is complete)
Node        : ubuntu
Process     : app <4301>
Thread      : OSPL Garbage Collector b67ffb40
Internals   : 6.6.0p1/024647c/5574fd7/v_spliced/v_spliced.c/2350/773/1452900829.636227754
========================================================================================
Report      : INFO
Date        : Fri Jan 15 18:33:58 EST 2016
Description : Missed heartbeat for node 2092197723. (DCPSPublication is complete)
Node        : ubuntu
Process     : app <4301>
Thread      : OSPL Garbage Collector b67ffb40
Internals   : 6.6.0p1/024647c/5574fd7/v_spliced/v_spliced.c/2350/773/1452900838.781748618
========================================================================================
Report      : INFO
Date        : Fri Jan 15 18:34:03 EST 2016
Description : ++++++++++++++++++++++++++++++++
              ++ spliced EVALUATION VERSION ++
              ++++++++++++++++++++++++++++++++

Node        : ubuntu
Process     : app <4549>
Thread      : spliced b7653b40
Internals   : 6.6.0p1/024647c/5574fd7/The OpenSplice domain service/spliced.c/1346/0/1452900843.860803258
========================================================================================
Report      : INFO
Date        : Fri Jan 15 18:34:03 EST 2016
Description : ---------------------------------------------------------------
              -- The service is using the following configuration settings --
              ---------------------------------------------------------------
              Domain (id)          : ospl_sp_ddsi (0)
              Storage              : 10240 Kbytes
              Storage threshold    : 1024 Kbytes
              Storage address      : Not available
              Locking              : default
              Memory mode          : Heap memory
              Builtin topics       : true
              Priority inheritance : false
              SystemId             : 1518921251 from [1,2147483647]
Node        : ubuntu
Process     : app <4549>
Thread      : spliced b7653b40
Internals   : 6.6.0p1/024647c/5574fd7/The OpenSplice domain service/u_domain.c/627/0/1452900843.867004668
========================================================================================
Report      : INFO
Date        : Fri Jan 15 18:34:03 EST 2016
Description : ++++++++++++++++++++++++++++++++++++++++++++++++
              ++ The service 'splicedaemon' is now operational. 
              ++++++++++++++++++++++++++++++++++++++++++++++++
Node        : ubuntu
Process     : app <4549>
Thread      : spliced b7653b40
Internals   : 6.6.0p1/024647c/5574fd7/v_serviceChangeState/v_service.c/286/0/1452900843.869437474
========================================================================================
Report      : INFO
Date        : Fri Jan 15 18:34:03 EST 2016
Description : +++++++++++++++++++++++++++++++++++
              ++ durability EVALUATION VERSION ++
              +++++++++++++++++++++++++++++++++++

Node        : ubuntu
Process     : app <4549>
Thread      : durability b6272b40
Internals   : 6.6.0p1/024647c/5574fd7/d_durability/d_durability.c/1452/0/1452900843.874732869
========================================================================================
Report      : INFO
Date        : Fri Jan 15 18:34:03 EST 2016
Description : SOAP service is reachable via port 34606
Node        : ubuntu
Process     : app <4549>
Thread      : cmsoap b648bb40
Internals   : 6.6.0p1/024647c/5574fd7/CM SOAP Service/cms_service.c/471/0/1452900843.875883910
========================================================================================
Report      : INFO
Date        : Fri Jan 15 18:34:03 EST 2016
Description : ++++++++++++++++++++++++++++++++++++++++++++++++
              ++ The service 'cmsoap' is now operational. 
              ++++++++++++++++++++++++++++++++++++++++++++++++
Node        : ubuntu
Process     : app <4549>
Thread      : cmsoap b648bb40
Internals   : 6.6.0p1/024647c/5574fd7/v_serviceChangeState/v_service.c/286/0/1452900843.876359061
========================================================================================
Report      : INFO
Date        : Fri Jan 15 18:34:03 EST 2016
Description : ++++++++++++++++++++++++++++++
              ++ ddsi2 EVALUATION VERSION ++
              ++++++++++++++++++++++++++++++

Node        : ubuntu
Process     : app <4549>
Thread      : ddsi2 b5ec9b40
Internals   : 6.6.0p1/024647c/5574fd7/q_main/q_main.c/2452/0/1452900843.877221141
========================================================================================
Report      : INFO
Date        : Fri Jan 15 18:34:03 EST 2016
Description : ++++++++++++++++++++++++++++++++++++++++++++++++
              ++ The service 'ddsi2' is now operational. 
              ++++++++++++++++++++++++++++++++++++++++++++++++
Node        : ubuntu
Process     : app <4549>
Thread      : ddsi2 b5ec9b40
Internals   : 6.6.0p1/024647c/5574fd7/v_serviceChangeState/v_service.c/286/0/1452900843.887218509
========================================================================================
Report      : INFO
Date        : Fri Jan 15 18:34:03 EST 2016
Description : The durability service can be identified by ID: 1518921251
Node        : ubuntu
Process     : app <4549>
Thread      : durability b6272b40
Internals   : 6.6.0p1/024647c/5574fd7/DurabilityService/d_durability.c/676/0/1452900843.992007786
========================================================================================
Report      : INFO
Date        : Fri Jan 15 18:38:08 EST 2016
Description : ++++++++++++++++++++++++++++++++
              ++ spliced EVALUATION VERSION ++
              ++++++++++++++++++++++++++++++++

Node        : ubuntu
Process     : app <6597>
Thread      : spliced b76a9b40
Internals   : 6.6.0p1/024647c/5574fd7/The OpenSplice domain service/spliced.c/1346/0/1452901088.716340756
========================================================================================
Report      : INFO
Date        : Fri Jan 15 18:38:08 EST 2016
Description : ---------------------------------------------------------------
              -- The service is using the following configuration settings --
              ---------------------------------------------------------------
              Domain (id)          : ospl_sp_ddsi (0)
              Storage              : 10240 Kbytes
              Storage threshold    : 1024 Kbytes
              Storage address      : Not available
              Locking              : default
              Memory mode          : Heap memory
              Builtin topics       : true
              Priority inheritance : false
              SystemId             : 620016808 from [1,2147483647]
Node        : ubuntu
Process     : app <6597>
Thread      : spliced b76a9b40
Internals   : 6.6.0p1/024647c/5574fd7/The OpenSplice domain service/u_domain.c/627/0/1452901088.723476591
========================================================================================
Report      : INFO
Date        : Fri Jan 15 18:38:08 EST 2016
Description : ++++++++++++++++++++++++++++++++++++++++++++++++
              ++ The service 'splicedaemon' is now operational. 
              ++++++++++++++++++++++++++++++++++++++++++++++++
Node        : ubuntu
Process     : app <6597>
Thread      : spliced b76a9b40
Internals   : 6.6.0p1/024647c/5574fd7/v_serviceChangeState/v_service.c/286/0/1452901088.725377031
========================================================================================
Report      : INFO
Date        : Fri Jan 15 18:38:08 EST 2016
Description : +++++++++++++++++++++++++++++++++++
              ++ durability EVALUATION VERSION ++
              +++++++++++++++++++++++++++++++++++

Node        : ubuntu
Process     : app <6597>
Thread      : durability b63f1b40
Internals   : 6.6.0p1/024647c/5574fd7/d_durability/d_durability.c/1452/0/1452901088.730269782
========================================================================================
Report      : INFO
Date        : Fri Jan 15 18:38:08 EST 2016
Description : SOAP service is reachable via port 51040
Node        : ubuntu
Process     : app <6597>
Thread      : cmsoap b660ab40
Internals   : 6.6.0p1/024647c/5574fd7/CM SOAP Service/cms_service.c/471/0/1452901088.730325321
========================================================================================
Report      : INFO
Date        : Fri Jan 15 18:38:08 EST 2016
Description : ++++++++++++++++++++++++++++++++++++++++++++++++
              ++ The service 'cmsoap' is now operational. 
              ++++++++++++++++++++++++++++++++++++++++++++++++
Node        : ubuntu
Process     : app <6597>
Thread      : cmsoap b660ab40
Internals   : 6.6.0p1/024647c/5574fd7/v_serviceChangeState/v_service.c/286/0/1452901088.730684444
========================================================================================
Report      : INFO
Date        : Fri Jan 15 18:38:08 EST 2016
Description : ++++++++++++++++++++++++++++++
              ++ ddsi2 EVALUATION VERSION ++
              ++++++++++++++++++++++++++++++

Node        : ubuntu
Process     : app <6597>
Thread      : ddsi2 b6048b40
Internals   : 6.6.0p1/024647c/5574fd7/q_main/q_main.c/2452/0/1452901088.732273174
========================================================================================
Report      : INFO
Date        : Fri Jan 15 18:38:08 EST 2016
Description : ++++++++++++++++++++++++++++++++++++++++++++++++
              ++ The service 'ddsi2' is now operational. 
              ++++++++++++++++++++++++++++++++++++++++++++++++
Node        : ubuntu
Process     : app <6597>
Thread      : ddsi2 b6048b40
Internals   : 6.6.0p1/024647c/5574fd7/v_serviceChangeState/v_service.c/286/0/1452901088.740830418
========================================================================================
Report      : INFO
Date        : Fri Jan 15 18:38:08 EST 2016
Description : The durability service can be identified by ID: 620016808
Node        : ubuntu
Process     : app <6597>
Thread      : durability b63f1b40
Internals   : 6.6.0p1/024647c/5574fd7/DurabilityService/d_durability.c/676/0/1452901088.843815758
========================================================================================
Report      : INFO
Date        : Fri Jan 15 18:38:16 EST 2016
Description : ++++++++++++++++++++++++++++++++++++++++++++++++
              ++ The service 'durability' is now operational. 
              ++++++++++++++++++++++++++++++++++++++++++++++++
Node        : ubuntu
Process     : app <6597>
Thread      : durability b63f1b40
Internals   : 6.6.0p1/024647c/5574fd7/v_serviceChangeState/v_service.c/286/0/1452901096.273756714
========================================================================================
Report      : INFO
Date        : Fri Jan 15 18:38:57 EST 2016
Description : ++++++++++++++++++++++++++++++++
              ++ spliced EVALUATION VERSION ++
              ++++++++++++++++++++++++++++++++

Node        : ubuntu
Process     : app <6830>
Thread      : spliced b7661b40
Internals   : 6.6.0p1/024647c/5574fd7/The OpenSplice domain service/spliced.c/1346/0/1452901137.838278152
========================================================================================
Report      : INFO
Date        : Fri Jan 15 18:38:57 EST 2016
Description : ---------------------------------------------------------------
              -- The service is using the following configuration settings --
              ---------------------------------------------------------------
              Domain (id)          : ospl_sp_ddsi (0)
              Storage              : 10240 Kbytes
              Storage threshold    : 1024 Kbytes
              Storage address      : Not available
              Locking              : default
              Memory mode          : Heap memory
              Builtin topics       : true
              Priority inheritance : false
              SystemId             : 353928462 from [1,2147483647]
Node        : ubuntu
Process     : app <6830>
Thread      : spliced b7661b40
Internals   : 6.6.0p1/024647c/5574fd7/The OpenSplice domain service/u_domain.c/627/0/1452901137.845533694
========================================================================================
Report      : INFO
Date        : Fri Jan 15 18:38:57 EST 2016
Description : ++++++++++++++++++++++++++++++++++++++++++++++++
              ++ The service 'splicedaemon' is now operational. 
              ++++++++++++++++++++++++++++++++++++++++++++++++
Node        : ubuntu
Process     : app <6830>
Thread      : spliced b7661b40
Internals   : 6.6.0p1/024647c/5574fd7/v_serviceChangeState/v_service.c/286/0/1452901137.847398191
========================================================================================
Report      : INFO
Date        : Fri Jan 15 18:38:57 EST 2016
Description : +++++++++++++++++++++++++++++++++++
              ++ durability EVALUATION VERSION ++
              +++++++++++++++++++++++++++++++++++

Node        : ubuntu
Process     : app <6830>
Thread      : durability b6272b40
Internals   : 6.6.0p1/024647c/5574fd7/d_durability/d_durability.c/1452/0/1452901137.853431664
========================================================================================
Report      : INFO
Date        : Fri Jan 15 18:38:57 EST 2016
Description : SOAP service is reachable via port 52573
Node        : ubuntu
Process     : app <6830>
Thread      : cmsoap b648bb40
Internals   : 6.6.0p1/024647c/5574fd7/CM SOAP Service/cms_service.c/471/0/1452901137.854383529
========================================================================================
Report      : INFO
Date        : Fri Jan 15 18:38:57 EST 2016
Description : ++++++++++++++++++++++++++++++++++++++++++++++++
              ++ The service 'cmsoap' is now operational. 
              ++++++++++++++++++++++++++++++++++++++++++++++++
Node        : ubuntu
Process     : app <6830>
Thread      : cmsoap b648bb40
Internals   : 6.6.0p1/024647c/5574fd7/v_serviceChangeState/v_service.c/286/0/1452901137.854657660
========================================================================================
Report      : INFO
Date        : Fri Jan 15 18:38:57 EST 2016
Description : ++++++++++++++++++++++++++++++
              ++ ddsi2 EVALUATION VERSION ++
              ++++++++++++++++++++++++++++++

Node        : ubuntu
Process     : app <6830>
Thread      : ddsi2 b5ec9b40
Internals   : 6.6.0p1/024647c/5574fd7/q_main/q_main.c/2452/0/1452901137.861332171
========================================================================================
Report      : INFO
Date        : Fri Jan 15 18:38:57 EST 2016
Description : ++++++++++++++++++++++++++++++++++++++++++++++++
              ++ The service 'ddsi2' is now operational. 
              ++++++++++++++++++++++++++++++++++++++++++++++++
Node        : ubuntu
Process     : app <6830>
Thread      : ddsi2 b5ec9b40
Internals   : 6.6.0p1/024647c/5574fd7/v_serviceChangeState/v_service.c/286/0/1452901137.869119864
========================================================================================
Report      : INFO
Date        : Fri Jan 15 18:38:57 EST 2016
Description : The durability service can be identified by ID: 353928462
Node        : ubuntu
Process     : app <6830>
Thread      : durability b6272b40
Internals   : 6.6.0p1/024647c/5574fd7/DurabilityService/d_durability.c/676/0/1452901137.969697640
========================================================================================
Report      : INFO
Date        : Fri Jan 15 18:39:07 EST 2016
Description : ++++++++++++++++++++++++++++++++
              ++ spliced EVALUATION VERSION ++
              ++++++++++++++++++++++++++++++++

Node        : ubuntu
Process     : app <7112>
Thread      : spliced b76d1b40
Internals   : 6.6.0p1/024647c/5574fd7/The OpenSplice domain service/spliced.c/1346/0/1452901147.152309498
========================================================================================
Report      : INFO
Date        : Fri Jan 15 18:39:07 EST 2016
Description : ---------------------------------------------------------------
              -- The service is using the following configuration settings --
              ---------------------------------------------------------------
              Domain (id)          : ospl_sp_ddsi (0)
              Storage              : 10240 Kbytes
              Storage threshold    : 1024 Kbytes
              Storage address      : Not available
              Locking              : default
              Memory mode          : Heap memory
              Builtin topics       : true
              Priority inheritance : false
              SystemId             : 1807391773 from [1,2147483647]
Node        : ubuntu
Process     : app <7112>
Thread      : spliced b76d1b40
Internals   : 6.6.0p1/024647c/5574fd7/The OpenSplice domain service/u_domain.c/627/0/1452901147.158838309
========================================================================================
Report      : INFO
Date        : Fri Jan 15 18:39:07 EST 2016
Description : ++++++++++++++++++++++++++++++++++++++++++++++++
              ++ The service 'splicedaemon' is now operational. 
              ++++++++++++++++++++++++++++++++++++++++++++++++
Node        : ubuntu
Process     : app <7112>
Thread      : spliced b76d1b40
Internals   : 6.6.0p1/024647c/5574fd7/v_serviceChangeState/v_service.c/286/0/1452901147.160503491
========================================================================================
Report      : INFO
Date        : Fri Jan 15 18:39:07 EST 2016
Description : +++++++++++++++++++++++++++++++++++
              ++ durability EVALUATION VERSION ++
              +++++++++++++++++++++++++++++++++++

Node        : ubuntu
Process     : app <7112>
Thread      : durability b63f1b40
Internals   : 6.6.0p1/024647c/5574fd7/d_durability/d_durability.c/1452/0/1452901147.165374486
========================================================================================
Report      : INFO
Date        : Fri Jan 15 18:39:07 EST 2016
Description : SOAP service is reachable via port 60602
Node        : ubuntu
Process     : app <7112>
Thread      : cmsoap b660ab40
Internals   : 6.6.0p1/024647c/5574fd7/CM SOAP Service/cms_service.c/471/0/1452901147.165399887
========================================================================================
Report      : INFO
Date        : Fri Jan 15 18:39:07 EST 2016
Description : ++++++++++++++++++++++++++++++++++++++++++++++++
              ++ The service 'cmsoap' is now operational. 
              ++++++++++++++++++++++++++++++++++++++++++++++++
Node        : ubuntu
Process     : app <7112>
Thread      : cmsoap b660ab40
Internals   : 6.6.0p1/024647c/5574fd7/v_serviceChangeState/v_service.c/286/0/1452901147.165877426
========================================================================================
Report      : INFO
Date        : Fri Jan 15 18:39:07 EST 2016
Description : ++++++++++++++++++++++++++++++
              ++ ddsi2 EVALUATION VERSION ++
              ++++++++++++++++++++++++++++++

Node        : ubuntu
Process     : app <7112>
Thread      : ddsi2 b6048b40
Internals   : 6.6.0p1/024647c/5574fd7/q_main/q_main.c/2452/0/1452901147.166635410
========================================================================================
Report      : INFO
Date        : Fri Jan 15 18:39:07 EST 2016
Description : ++++++++++++++++++++++++++++++++++++++++++++++++
              ++ The service 'ddsi2' is now operational. 
              ++++++++++++++++++++++++++++++++++++++++++++++++
Node        : ubuntu
Process     : app <7112>
Thread      : ddsi2 b6048b40
Internals   : 6.6.0p1/024647c/5574fd7/v_serviceChangeState/v_service.c/286/0/1452901147.174839120
========================================================================================
Report      : INFO
Date        : Fri Jan 15 18:39:07 EST 2016
Description : The durability service can be identified by ID: 1807391773
Node        : ubuntu
Process     : app <7112>
Thread      : durability b63f1b40
Internals   : 6.6.0p1/024647c/5574fd7/DurabilityService/d_durability.c/676/0/1452901147.382202058
========================================================================================
Report      : INFO
Date        : Fri Jan 15 18:39:22 EST 2016
Description : ++++++++++++++++++++++++++++++++++++++++++++++++
              ++ The service 'durability' is now operational. 
              ++++++++++++++++++++++++++++++++++++++++++++++++
Node        : ubuntu
Process     : app <7112>
Thread      : durability b63f1b40
Internals   : 6.6.0p1/024647c/5574fd7/v_serviceChangeState/v_service.c/286/0/1452901162.238215497
========================================================================================
Report      : INFO
Date        : Fri Jan 15 18:39:40 EST 2016
Description : Missed heartbeat for node 1074322507. (DCPSPublication is complete)
Node        : ubuntu
Process     : app <7112>
Thread      : OSPL Garbage Collector b67ffb40
Internals   : 6.6.0p1/024647c/5574fd7/v_spliced/v_spliced.c/2350/773/1452901180.035561989
========================================================================================
Report      : INFO
Date        : Fri Jan 15 18:41:12 EST 2016
Description : Missed heartbeat for node 78528213. (DCPSPublication is complete)
Node        : ubuntu
Process     : app <7112>
Thread      : OSPL Garbage Collector b67ffb40
Internals   : 6.6.0p1/024647c/5574fd7/v_spliced/v_spliced.c/2350/773/1452901272.185846008
========================================================================================
Report      : INFO
Date        : Fri Jan 15 18:41:13 EST 2016
Description : Missed heartbeat for node 566624628. (DCPSPublication is complete)
Node        : ubuntu
Process     : app <7112>
Thread      : OSPL Garbage Collector b67ffb40
Internals   : 6.6.0p1/024647c/5574fd7/v_spliced/v_spliced.c/2350/773/1452901273.417632276
========================================================================================
Report      : INFO
Date        : Fri Jan 15 18:41:47 EST 2016
Description : Missed heartbeat for node 1257665628. (DCPSPublication is complete)
Node        : ubuntu
Process     : app <7112>
Thread      : OSPL Garbage Collector b67ffb40
Internals   : 6.6.0p1/024647c/5574fd7/v_spliced/v_spliced.c/2350/773/1452901307.352710897
========================================================================================
Report      : INFO
Date        : Fri Jan 15 18:41:52 EST 2016
Description : Missed heartbeat for node 1075176433. (DCPSPublication is complete)
Node        : ubuntu
Process     : app <7112>
Thread      : OSPL Garbage Collector b67ffb40
Internals   : 6.6.0p1/024647c/5574fd7/v_spliced/v_spliced.c/2350/773/1452901312.968550894
========================================================================================
Report      : INFO
Date        : Fri Jan 15 18:41:55 EST 2016
Description : Missed heartbeat for node 448608969. (DCPSPublication is complete)
Node        : ubuntu
Process     : app <7112>
Thread      : OSPL Garbage Collector b67ffb40
Internals   : 6.6.0p1/024647c/5574fd7/v_spliced/v_spliced.c/2350/773/1452901315.687549289
========================================================================================
Report      : INFO
Date        : Fri Jan 15 18:43:29 EST 2016
Description : Missed heartbeat for node 345499194. (DCPSPublication is complete)
Node        : ubuntu
Process     : app <7112>
Thread      : OSPL Garbage Collector b67ffb40
Internals   : 6.6.0p1/024647c/5574fd7/v_spliced/v_spliced.c/2350/773/1452901409.411040892
========================================================================================
Report      : INFO
Date        : Fri Jan 15 18:43:40 EST 2016
Description : Missed heartbeat for node 1098867563. (DCPSPublication is complete)
Node        : ubuntu
Process     : app <7112>
Thread      : OSPL Garbage Collector b67ffb40
Internals   : 6.6.0p1/024647c/5574fd7/v_spliced/v_spliced.c/2350/773/1452901420.158346959
========================================================================================
Report      : INFO
Date        : Fri Jan 15 18:44:03 EST 2016
Description : Missed heartbeat for node 1554775636. (DCPSPublication is complete)
Node        : ubuntu
Process     : app <7112>
Thread      : OSPL Garbage Collector b67ffb40
Internals   : 6.6.0p1/024647c/5574fd7/v_spliced/v_spliced.c/2350/773/1452901443.099845181
========================================================================================
Report      : INFO
Date        : Fri Jan 15 18:44:35 EST 2016
Description : Missed heartbeat for node 826416213. (DCPSPublication is complete)
Node        : ubuntu
Process     : app <7112>
Thread      : OSPL Garbage Collector b67ffb40
Internals   : 6.6.0p1/024647c/5574fd7/v_spliced/v_spliced.c/2350/773/1452901475.019676633
========================================================================================
Report      : INFO
Date        : Fri Jan 15 18:44:56 EST 2016
Description : Missed heartbeat for node 834231498. (DCPSPublication is complete)
Node        : ubuntu
Process     : app <7112>
Thread      : OSPL Garbage Collector b67ffb40
Internals   : 6.6.0p1/024647c/5574fd7/v_spliced/v_spliced.c/2350/773/1452901496.105316608
========================================================================================
Report      : INFO
Date        : Fri Jan 15 18:45:14 EST 2016
Description : Missed heartbeat for node 37047637. (DCPSPublication is complete)
Node        : ubuntu
Process     : app <7112>
Thread      : OSPL Garbage Collector b67ffb40
Internals   : 6.6.0p1/024647c/5574fd7/v_spliced/v_spliced.c/2350/773/1452901514.771675362
========================================================================================
Report      : INFO
Date        : Fri Jan 15 18:45:29 EST 2016
Description : Missed heartbeat for node 1405299433. (DCPSPublication is complete)
Node        : ubuntu
Process     : app <7112>
Thread      : OSPL Garbage Collector b67ffb40
Internals   : 6.6.0p1/024647c/5574fd7/v_spliced/v_spliced.c/2350/773/1452901529.747003011
========================================================================================
Report      : INFO
Date        : Fri Jan 15 18:49:20 EST 2016
Description : Missed heartbeat for node 1664044658. (DCPSPublication is complete)
Node        : ubuntu
Process     : app <7112>
Thread      : OSPL Garbage Collector b67ffb40
Internals   : 6.6.0p1/024647c/5574fd7/v_spliced/v_spliced.c/2350/773/1452901760.439030491
========================================================================================
Report      : INFO
Date        : Fri Jan 15 18:49:54 EST 2016
Description : Missed heartbeat for node 1417931420. (DCPSPublication is complete)
Node        : ubuntu
Process     : app <7112>
Thread      : OSPL Garbage Collector b67ffb40
Internals   : 6.6.0p1/024647c/5574fd7/v_spliced/v_spliced.c/2350/773/1452901794.684733439
========================================================================================
Report      : INFO
Date        : Fri Jan 15 18:50:47 EST 2016
Description : Missed heartbeat for node 1777415007. (DCPSPublication is complete)
Node        : ubuntu
Process     : app <7112>
Thread      : OSPL Garbage Collector b67ffb40
Internals   : 6.6.0p1/024647c/5574fd7/v_spliced/v_spliced.c/2350/773/1452901847.792621244
========================================================================================
Report      : INFO
Date        : Fri Jan 15 18:52:21 EST 2016
Description : Missed heartbeat for node 1537328177. (DCPSPublication is complete)
Node        : ubuntu
Process     : app <7112>
Thread      : OSPL Garbage Collector b67ffb40
Internals   : 6.6.0p1/024647c/5574fd7/v_spliced/v_spliced.c/2350/773/1452901941.384089766
========================================================================================
Report      : INFO
Date        : Fri Jan 15 18:52:45 EST 2016
Description : ++++++++++++++++++++++++++++++++
              ++ spliced EVALUATION VERSION ++
              ++++++++++++++++++++++++++++++++

Node        : ubuntu
Process     : app <9671>
Thread      : spliced b7640b40
Internals   : 6.6.0p1/024647c/5574fd7/The OpenSplice domain service/spliced.c/1346/0/1452901965.805540763
========================================================================================
Report      : INFO
Date        : Fri Jan 15 18:52:45 EST 2016
Description : ---------------------------------------------------------------
              -- The service is using the following configuration settings --
              ---------------------------------------------------------------
              Domain (id)          : ospl_sp_ddsi (0)
              Storage              : 10240 Kbytes
              Storage threshold    : 1024 Kbytes
              Storage address      : Not available
              Locking              : default
              Memory mode          : Heap memory
              Builtin topics       : true
              Priority inheritance : false
              SystemId             : 1548478440 from [1,2147483647]
Node        : ubuntu
Process     : app <9671>
Thread      : spliced b7640b40
Internals   : 6.6.0p1/024647c/5574fd7/The OpenSplice domain service/u_domain.c/627/0/1452901965.813323446
========================================================================================
Report      : INFO
Date        : Fri Jan 15 18:52:45 EST 2016
Description : ++++++++++++++++++++++++++++++++++++++++++++++++
              ++ The service 'splicedaemon' is now operational. 
              ++++++++++++++++++++++++++++++++++++++++++++++++
Node        : ubuntu
Process     : app <9671>
Thread      : spliced b7640b40
Internals   : 6.6.0p1/024647c/5574fd7/v_serviceChangeState/v_service.c/286/0/1452901965.815249698
========================================================================================
Report      : INFO
Date        : Fri Jan 15 18:52:45 EST 2016
Description : SOAP service is reachable via port 46421
Node        : ubuntu
Process     : app <9671>
Thread      : cmsoap b648bb40
Internals   : 6.6.0p1/024647c/5574fd7/CM SOAP Service/cms_service.c/471/0/1452901965.820170286
========================================================================================
Report      : INFO
Date        : Fri Jan 15 18:52:45 EST 2016
Description : +++++++++++++++++++++++++++++++++++
              ++ durability EVALUATION VERSION ++
              +++++++++++++++++++++++++++++++++++

Node        : ubuntu
Process     : app <9671>
Thread      : durability b6272b40
Internals   : 6.6.0p1/024647c/5574fd7/d_durability/d_durability.c/1452/0/1452901965.820268327
========================================================================================
Report      : INFO
Date        : Fri Jan 15 18:52:45 EST 2016
Description : ++++++++++++++++++++++++++++++++++++++++++++++++
              ++ The service 'cmsoap' is now operational. 
              ++++++++++++++++++++++++++++++++++++++++++++++++
Node        : ubuntu
Process     : app <9671>
Thread      : cmsoap b648bb40
Internals   : 6.6.0p1/024647c/5574fd7/v_serviceChangeState/v_service.c/286/0/1452901965.820487486
========================================================================================
Report      : INFO
Date        : Fri Jan 15 18:52:45 EST 2016
Description : ++++++++++++++++++++++++++++++
              ++ ddsi2 EVALUATION VERSION ++
              ++++++++++++++++++++++++++++++

Node        : ubuntu
Process     : app <9671>
Thread      : ddsi2 b5ec9b40
Internals   : 6.6.0p1/024647c/5574fd7/q_main/q_main.c/2452/0/1452901965.822337085
========================================================================================
Report      : INFO
Date        : Fri Jan 15 18:52:45 EST 2016
Description : ++++++++++++++++++++++++++++++++++++++++++++++++
              ++ The service 'ddsi2' is now operational. 
              ++++++++++++++++++++++++++++++++++++++++++++++++
Node        : ubuntu
Process     : app <9671>
Thread      : ddsi2 b5ec9b40
Internals   : 6.6.0p1/024647c/5574fd7/v_serviceChangeState/v_service.c/286/0/1452901965.831672850
========================================================================================
Report      : INFO
Date        : Fri Jan 15 18:52:46 EST 2016
Description : The durability service can be identified by ID: 1548478440
Node        : ubuntu
Process     : app <9671>
Thread      : durability b6272b40
Internals   : 6.6.0p1/024647c/5574fd7/DurabilityService/d_durability.c/676/0/1452901966.040197206
========================================================================================
Report      : INFO
Date        : Fri Jan 15 18:52:53 EST 2016
Description : ++++++++++++++++++++++++++++++++++++++++++++++++
              ++ The service 'durability' is now operational. 
              ++++++++++++++++++++++++++++++++++++++++++++++++
Node        : ubuntu
Process     : app <9671>
Thread      : durability b6272b40
Internals   : 6.6.0p1/024647c/5574fd7/v_serviceChangeState/v_service.c/286/0/1452901973.462173769
========================================================================================
Report      : INFO
Date        : Fri Jan 15 18:54:00 EST 2016
Description : Missed heartbeat for node 850826505. (DCPSPublication is complete)
Node        : ubuntu
Process     : app <9671>
Thread      : OSPL Garbage Collector b67ffb40
Internals   : 6.6.0p1/024647c/5574fd7/v_spliced/v_spliced.c/2350/773/1452902040.731236611
========================================================================================
Report      : INFO
Date        : Fri Jan 15 18:54:00 EST 2016
Description : Missed heartbeat for node 850826505. (DCPSPublication is complete)
Node        : ubuntu
Process     : app <7112>
Thread      : OSPL Garbage Collector b67ffb40
Internals   : 6.6.0p1/024647c/5574fd7/v_spliced/v_spliced.c/2350/773/1452902040.751391833
========================================================================================
Report      : INFO
Date        : Fri Jan 15 18:57:24 EST 2016
Description : Missed heartbeat for node 338900756. (DCPSPublication is complete)
Node        : ubuntu
Process     : app <7112>
Thread      : OSPL Garbage Collector b67ffb40
Internals   : 6.6.0p1/024647c/5574fd7/v_spliced/v_spliced.c/2350/773/1452902244.830929466
========================================================================================
Report      : INFO
Date        : Fri Jan 15 18:57:24 EST 2016
Description : Missed heartbeat for node 338900756. (DCPSPublication is complete)
Node        : ubuntu
Process     : app <9671>
Thread      : OSPL Garbage Collector b67ffb40
Internals   : 6.6.0p1/024647c/5574fd7/v_spliced/v_spliced.c/2350/773/1452902244.871839115
========================================================================================
Report      : INFO
Date        : Fri Jan 15 18:58:24 EST 2016
Description : Missed heartbeat for node 69680372. (DCPSPublication is complete)
Node        : ubuntu
Process     : app <7112>
Thread      : OSPL Garbage Collector b67ffb40
Internals   : 6.6.0p1/024647c/5574fd7/v_spliced/v_spliced.c/2350/773/1452902304.168324899
========================================================================================
Report      : INFO
Date        : Fri Jan 15 18:58:24 EST 2016
Description : Missed heartbeat for node 69680372. (DCPSPublication is complete)
Node        : ubuntu
Process     : app <9671>
Thread      : OSPL Garbage Collector b67ffb40
Internals   : 6.6.0p1/024647c/5574fd7/v_spliced/v_spliced.c/2350/773/1452902304.188905500
========================================================================================
Report      : INFO
Date        : Fri Jan 15 19:01:02 EST 2016
Description : ++++++++++++++++++++++++++++++++
              ++ spliced EVALUATION VERSION ++
              ++++++++++++++++++++++++++++++++

Node        : ubuntu
Process     : app <11152>
Thread      : spliced b7630b40
Internals   : 6.6.0p1/024647c/5574fd7/The OpenSplice domain service/spliced.c/1346/0/1452902462.832408865
========================================================================================
Report      : INFO
Date        : Fri Jan 15 19:01:02 EST 2016
Description : ---------------------------------------------------------------
              -- The service is using the following configuration settings --
              ---------------------------------------------------------------
              Domain (id)          : ospl_sp_ddsi (0)
              Storage              : 10240 Kbytes
              Storage threshold    : 1024 Kbytes
              Storage address      : Not available
              Locking              : default
              Memory mode          : Heap memory
              Builtin topics       : true
              Priority inheritance : false
              SystemId             : 2126737984 from [1,2147483647]
Node        : ubuntu
Process     : app <11152>
Thread      : spliced b7630b40
Internals   : 6.6.0p1/024647c/5574fd7/The OpenSplice domain service/u_domain.c/627/0/1452902462.839603784
========================================================================================
Report      : INFO
Date        : Fri Jan 15 19:01:02 EST 2016
Description : ++++++++++++++++++++++++++++++++++++++++++++++++
              ++ The service 'splicedaemon' is now operational. 
              ++++++++++++++++++++++++++++++++++++++++++++++++
Node        : ubuntu
Process     : app <11152>
Thread      : spliced b7630b40
Internals   : 6.6.0p1/024647c/5574fd7/v_serviceChangeState/v_service.c/286/0/1452902462.841026289
========================================================================================
Report      : INFO
Date        : Fri Jan 15 19:01:02 EST 2016
Description : SOAP service is reachable via port 40240
Node        : ubuntu
Process     : app <11152>
Thread      : cmsoap b648bb40
Internals   : 6.6.0p1/024647c/5574fd7/CM SOAP Service/cms_service.c/471/0/1452902462.845558403
========================================================================================
Report      : INFO
Date        : Fri Jan 15 19:01:02 EST 2016
Description : ++++++++++++++++++++++++++++++++++++++++++++++++
              ++ The service 'cmsoap' is now operational. 
              ++++++++++++++++++++++++++++++++++++++++++++++++
Node        : ubuntu
Process     : app <11152>
Thread      : cmsoap b648bb40
Internals   : 6.6.0p1/024647c/5574fd7/v_serviceChangeState/v_service.c/286/0/1452902462.845895652
========================================================================================
Report      : INFO
Date        : Fri Jan 15 19:01:02 EST 2016
Description : +++++++++++++++++++++++++++++++++++
              ++ durability EVALUATION VERSION ++
              +++++++++++++++++++++++++++++++++++

Node        : ubuntu
Process     : app <11152>
Thread      : durability b6272b40
Internals   : 6.6.0p1/024647c/5574fd7/d_durability/d_durability.c/1452/0/1452902462.846012026
========================================================================================
Report      : INFO
Date        : Fri Jan 15 19:01:02 EST 2016
Description : ++++++++++++++++++++++++++++++
              ++ ddsi2 EVALUATION VERSION ++
              ++++++++++++++++++++++++++++++

Node        : ubuntu
Process     : app <11152>
Thread      : ddsi2 b5ec9b40
Internals   : 6.6.0p1/024647c/5574fd7/q_main/q_main.c/2452/0/1452902462.847222755
========================================================================================
Report      : INFO
Date        : Fri Jan 15 19:01:02 EST 2016
Description : ++++++++++++++++++++++++++++++++++++++++++++++++
              ++ The service 'ddsi2' is now operational. 
              ++++++++++++++++++++++++++++++++++++++++++++++++
Node        : ubuntu
Process     : app <11152>
Thread      : ddsi2 b5ec9b40
Internals   : 6.6.0p1/024647c/5574fd7/v_serviceChangeState/v_service.c/286/0/1452902462.856706410
========================================================================================
Report      : INFO
Date        : Fri Jan 15 19:01:02 EST 2016
Description : The durability service can be identified by ID: 2126737984
Node        : ubuntu
Process     : app <11152>
Thread      : durability b6272b40
Internals   : 6.6.0p1/024647c/5574fd7/DurabilityService/d_durability.c/676/0/1452902462.963863272
========================================================================================
Report      : INFO
Date        : Fri Jan 15 19:01:12 EST 2016
Description : ++++++++++++++++++++++++++++++++++++++++++++++++
              ++ The service 'durability' is now operational. 
              ++++++++++++++++++++++++++++++++++++++++++++++++
Node        : ubuntu
Process     : app <11152>
Thread      : durability b6272b40
Internals   : 6.6.0p1/024647c/5574fd7/v_serviceChangeState/v_service.c/286/0/1452902472.805680156
========================================================================================
Report      : INFO
Date        : Fri Jan 15 19:01:35 EST 2016
Description : Missed heartbeat for node 1176865999. (DCPSPublication is complete)
Node        : ubuntu
Process     : app <11152>
Thread      : OSPL Garbage Collector b67ffb40
Internals   : 6.6.0p1/024647c/5574fd7/v_spliced/v_spliced.c/2350/773/1452902495.199893516
